<?xml version="1.0" encoding="UTF-8"?>
<testsuite xmlns:xsi="http://www.w3.org/2001/XMLSchema-instance" xsi:noNamespaceSchemaLocation="https://maven.apache.org/surefire/maven-surefire-plugin/xsd/surefire-test-report-3.0.xsd" version="3.0" name="edu.berkeley.cs.jqf.fuzz.afl.RedundancyTest" time="0.008" tests="2" errors="0" skipped="0" failures="0">
  <properties>
    <property name="java.specification.version" value="17"/>
    <property name="sun.jnu.encoding" value="UTF-8"/>
    <property name="java.class.path" value="/Users/qbw/Desktop/CS182/JQF/fuzz/target/test-classes:/Users/qbw/Desktop/CS182/JQF/fuzz/target/classes:/Users/qbw/.m2/repository/junit/junit/4.13.1/junit-4.13.1.jar:/Users/qbw/.m2/repository/org/hamcrest/hamcrest-core/1.3/hamcrest-core-1.3.jar:/Users/qbw/.m2/repository/com/pholser/junit-quickcheck-generators/1.0/junit-quickcheck-generators-1.0.jar:/Users/qbw/.m2/repository/com/pholser/junit-quickcheck-core/1.0/junit-quickcheck-core-1.0.jar:/Users/qbw/.m2/repository/org/javaruntype/javaruntype/1.3/javaruntype-1.3.jar:/Users/qbw/.m2/repository/org/antlr/antlr-runtime/3.1.2/antlr-runtime-3.1.2.jar:/Users/qbw/.m2/repository/ognl/ognl/3.1.12/ognl-3.1.12.jar:/Users/qbw/.m2/repository/org/javassist/javassist/3.20.0-GA/javassist-3.20.0-GA.jar:/Users/qbw/.m2/repository/ru/vyarus/generics-resolver/3.0.1/generics-resolver-3.0.1.jar:/Users/qbw/.m2/repository/org/slf4j/slf4j-api/1.7.25/slf4j-api-1.7.25.jar:/Users/qbw/Desktop/CS182/JQF/instrument/target/jqf-instrument-2.1-SNAPSHOT.jar:/Users/qbw/.m2/repository/org/ow2/asm/asm/9.5/asm-9.5.jar:/Users/qbw/.m2/repository/org/jacoco/org.jacoco.report/0.8.10/org.jacoco.report-0.8.10.jar:/Users/qbw/.m2/repository/org/jacoco/org.jacoco.core/0.8.10/org.jacoco.core-0.8.10.jar:/Users/qbw/.m2/repository/org/ow2/asm/asm-commons/9.5/asm-commons-9.5.jar:/Users/qbw/.m2/repository/org/ow2/asm/asm-tree/9.5/asm-tree-9.5.jar:/Users/qbw/.m2/repository/org/mockito/mockito-core/2.23.4/mockito-core-2.23.4.jar:/Users/qbw/.m2/repository/net/bytebuddy/byte-buddy/1.9.3/byte-buddy-1.9.3.jar:/Users/qbw/.m2/repository/net/bytebuddy/byte-buddy-agent/1.9.3/byte-buddy-agent-1.9.3.jar:/Users/qbw/.m2/repository/org/objenesis/objenesis/2.6/objenesis-2.6.jar:/Users/qbw/.m2/repository/org/hamcrest/hamcrest-library/1.3/hamcrest-library-1.3.jar:/Users/qbw/.m2/repository/info/picocli/picocli/4.0.4/picocli-4.0.4.jar:/Users/qbw/.m2/repository/org/eclipse/collections/eclipse-collections/10.4.0/eclipse-collections-10.4.0.jar:/Users/qbw/.m2/repository/org/eclipse/collections/eclipse-collections-api/10.4.0/eclipse-collections-api-10.4.0.jar:"/>
    <property name="java.vm.vendor" value="Eclipse Adoptium"/>
    <property name="sun.arch.data.model" value="64"/>
    <property name="java.vendor.url" value="https://adoptium.net/"/>
    <property name="os.name" value="Mac OS X"/>
    <property name="java.vm.specification.version" value="17"/>
    <property name="sun.java.launcher" value="SUN_STANDARD"/>
    <property name="user.country" value="US"/>
    <property name="sun.boot.library.path" value="/Users/qbw/Library/Java/JavaVirtualMachines/temurin-17.0.8.1/Contents/Home/lib"/>
    <property name="sun.java.command" value="/Users/qbw/Desktop/CS182/JQF/fuzz/target/surefire/surefirebooter-20231128101328021_3.jar /Users/qbw/Desktop/CS182/JQF/fuzz/target/surefire 2023-11-28T10-13-26_792-jvmRun1 surefire-20231128101328021_1tmp surefire_0-20231128101328021_2tmp"/>
    <property name="http.nonProxyHosts" value="local|*.local|169.254/16|*.169.254/16"/>
    <property name="jdk.debug" value="release"/>
    <property name="surefire.test.class.path" value="/Users/qbw/Desktop/CS182/JQF/fuzz/target/test-classes:/Users/qbw/Desktop/CS182/JQF/fuzz/target/classes:/Users/qbw/.m2/repository/junit/junit/4.13.1/junit-4.13.1.jar:/Users/qbw/.m2/repository/org/hamcrest/hamcrest-core/1.3/hamcrest-core-1.3.jar:/Users/qbw/.m2/repository/com/pholser/junit-quickcheck-generators/1.0/junit-quickcheck-generators-1.0.jar:/Users/qbw/.m2/repository/com/pholser/junit-quickcheck-core/1.0/junit-quickcheck-core-1.0.jar:/Users/qbw/.m2/repository/org/javaruntype/javaruntype/1.3/javaruntype-1.3.jar:/Users/qbw/.m2/repository/org/antlr/antlr-runtime/3.1.2/antlr-runtime-3.1.2.jar:/Users/qbw/.m2/repository/ognl/ognl/3.1.12/ognl-3.1.12.jar:/Users/qbw/.m2/repository/org/javassist/javassist/3.20.0-GA/javassist-3.20.0-GA.jar:/Users/qbw/.m2/repository/ru/vyarus/generics-resolver/3.0.1/generics-resolver-3.0.1.jar:/Users/qbw/.m2/repository/org/slf4j/slf4j-api/1.7.25/slf4j-api-1.7.25.jar:/Users/qbw/Desktop/CS182/JQF/instrument/target/jqf-instrument-2.1-SNAPSHOT.jar:/Users/qbw/.m2/repository/org/ow2/asm/asm/9.5/asm-9.5.jar:/Users/qbw/.m2/repository/org/jacoco/org.jacoco.report/0.8.10/org.jacoco.report-0.8.10.jar:/Users/qbw/.m2/repository/org/jacoco/org.jacoco.core/0.8.10/org.jacoco.core-0.8.10.jar:/Users/qbw/.m2/repository/org/ow2/asm/asm-commons/9.5/asm-commons-9.5.jar:/Users/qbw/.m2/repository/org/ow2/asm/asm-tree/9.5/asm-tree-9.5.jar:/Users/qbw/.m2/repository/org/mockito/mockito-core/2.23.4/mockito-core-2.23.4.jar:/Users/qbw/.m2/repository/net/bytebuddy/byte-buddy/1.9.3/byte-buddy-1.9.3.jar:/Users/qbw/.m2/repository/net/bytebuddy/byte-buddy-agent/1.9.3/byte-buddy-agent-1.9.3.jar:/Users/qbw/.m2/repository/org/objenesis/objenesis/2.6/objenesis-2.6.jar:/Users/qbw/.m2/repository/org/hamcrest/hamcrest-library/1.3/hamcrest-library-1.3.jar:/Users/qbw/.m2/repository/info/picocli/picocli/4.0.4/picocli-4.0.4.jar:/Users/qbw/.m2/repository/org/eclipse/collections/eclipse-collections/10.4.0/eclipse-collections-10.4.0.jar:/Users/qbw/.m2/repository/org/eclipse/collections/eclipse-collections-api/10.4.0/eclipse-collections-api-10.4.0.jar:"/>
    <property name="sun.cpu.endian" value="little"/>
    <property name="user.home" value="/Users/qbw"/>
    <property name="user.language" value="zh"/>
    <property name="java.specification.vendor" value="Oracle Corporation"/>
    <property name="java.version.date" value="2023-08-24"/>
    <property name="java.home" value="/Users/qbw/Library/Java/JavaVirtualMachines/temurin-17.0.8.1/Contents/Home"/>
    <property name="file.separator" value="/"/>
    <property name="basedir" value="/Users/qbw/Desktop/CS182/JQF/fuzz"/>
    <property name="java.vm.compressedOopsMode" value="Zero based"/>
    <property name="line.separator" value="&#10;"/>
    <property name="java.vm.specification.vendor" value="Oracle Corporation"/>
    <property name="java.specification.name" value="Java Platform API Specification"/>
    <property name="surefire.real.class.path" value="/Users/qbw/Desktop/CS182/JQF/fuzz/target/surefire/surefirebooter-20231128101328021_3.jar"/>
    <property name="user.script" value="Hans"/>
    <property name="sun.management.compiler" value="HotSpot 64-Bit Tiered Compilers"/>
    <property name="ftp.nonProxyHosts" value="local|*.local|169.254/16|*.169.254/16"/>
    <property name="java.runtime.version" value="17.0.8.1+1"/>
    <property name="user.name" value="qbw"/>
    <property name="path.separator" value=":"/>
    <property name="os.version" value="13.5"/>
    <property name="java.runtime.name" value="OpenJDK Runtime Environment"/>
    <property name="file.encoding" value="UTF-8"/>
    <property name="java.vm.name" value="OpenJDK 64-Bit Server VM"/>
    <property name="java.vendor.version" value="Temurin-17.0.8.1+1"/>
    <property name="localRepository" value="/Users/qbw/.m2/repository"/>
    <property name="java.vendor.url.bug" value="https://github.com/adoptium/adoptium-support/issues"/>
    <property name="java.io.tmpdir" value="/var/folders/pz/2jj366754ql_1vr9p60d0z2m0000gn/T/"/>
    <property name="java.version" value="17.0.8.1"/>
    <property name="user.dir" value="/Users/qbw/Desktop/CS182/JQF/fuzz"/>
    <property name="os.arch" value="aarch64"/>
    <property name="java.vm.specification.name" value="Java Virtual Machine Specification"/>
    <property name="native.encoding" value="UTF-8"/>
    <property name="java.library.path" value="/Users/qbw/Library/Java/Extensions:/Library/Java/Extensions:/Network/Library/Java/Extensions:/System/Library/Java/Extensions:/usr/lib/java:."/>
    <property name="java.vm.info" value="mixed mode"/>
    <property name="java.vendor" value="Eclipse Adoptium"/>
    <property name="java.vm.version" value="17.0.8.1+1"/>
    <property name="sun.io.unicode.encoding" value="UnicodeBig"/>
    <property name="socksNonProxyHosts" value="local|*.local|169.254/16|*.169.254/16"/>
    <property name="java.class.version" value="61.0"/>
  </properties>
  <testcase name="testDiscretization" classname="edu.berkeley.cs.jqf.fuzz.afl.RedundancyTest" time="0.002"/>
  <testcase name="testRedundancyScore" classname="edu.berkeley.cs.jqf.fuzz.afl.RedundancyTest" time="0.005"/>
</testsuite>